TN:
SF:src\middleware\auth.ts
FN:14,authMiddleware
FN:51,optionalAuthMiddleware
FN:86,requireAuth
FNF:3
FNH:2
FNDA:18,authMiddleware
FNDA:0,optionalAuthMiddleware
FNDA:14,requireAuth
DA:2,3
DA:3,3
DA:4,3
DA:14,3
DA:19,18
DA:20,18
DA:21,18
DA:22,2
DA:25,16
DA:27,15
DA:28,1
DA:31,14
DA:32,0
DA:35,14
DA:40,14
DA:41,1
DA:44,13
DA:45,13
DA:47,5
DA:51,3
DA:56,0
DA:57,0
DA:58,0
DA:59,0
DA:62,0
DA:64,0
DA:65,0
DA:68,0
DA:69,0
DA:72,0
DA:77,0
DA:78,0
DA:80,0
DA:82,0
DA:86,3
DA:91,14
DA:92,1
DA:94,13
LF:38
LH:23
BRDA:21,0,0,2
BRDA:21,0,1,16
BRDA:27,1,0,1
BRDA:27,1,1,14
BRDA:31,2,0,0
BRDA:31,2,1,14
BRDA:40,3,0,1
BRDA:40,3,1,13
BRDA:40,4,0,14
BRDA:40,4,1,14
BRDA:58,5,0,0
BRDA:58,5,1,0
BRDA:64,6,0,0
BRDA:64,6,1,0
BRDA:68,7,0,0
BRDA:68,7,1,0
BRDA:77,8,0,0
BRDA:77,8,1,0
BRDA:77,9,0,0
BRDA:77,9,1,0
BRDA:91,10,0,1
BRDA:91,10,1,13
BRF:22
BRH:11
end_of_record
TN:
SF:src\middleware\errorHandler.ts
FN:5,errorHandler
FN:46,notFoundHandler
FNF:2
FNH:2
FNDA:9,errorHandler
FNDA:1,notFoundHandler
DA:2,3
DA:3,3
DA:5,3
DA:11,9
DA:13,9
DA:14,6
DA:21,6
DA:24,3
DA:25,1
DA:32,1
DA:35,2
DA:37,2
DA:46,3
DA:47,1
LF:14
LH:14
BRDA:13,0,0,6
BRDA:13,0,1,3
BRDA:18,1,0,2
BRDA:18,1,1,4
BRDA:24,2,0,1
BRDA:24,2,1,2
BRDA:40,3,0,1
BRDA:40,3,1,1
BRDA:41,4,0,1
BRDA:41,4,1,1
BRDA:41,5,0,2
BRDA:41,5,1,1
BRF:12
BRH:12
end_of_record
TN:
SF:src\middleware\index.ts
FNF:0
FNH:0
DA:1,2
DA:2,2
DA:3,2
DA:4,2
DA:5,2
LF:5
LH:5
BRF:0
BRH:0
end_of_record
TN:
SF:src\middleware\logging.ts
FN:12,loggingMiddleware
FN:19,(anonymous_2)
FNF:2
FNH:2
FNDA:16,loggingMiddleware
FNDA:16,(anonymous_2)
DA:2,2
DA:3,2
DA:5,2
DA:7,2
DA:12,2
DA:17,16
DA:19,16
DA:20,16
DA:21,16
DA:36,16
DA:37,0
DA:38,16
DA:39,5
DA:41,11
DA:45,16
DA:48,2
LF:16
LH:15
BRDA:36,0,0,0
BRDA:36,0,1,16
BRDA:38,1,0,5
BRDA:38,1,1,11
BRF:4
BRH:3
end_of_record
TN:
SF:src\middleware\requestId.ts
FN:12,requestIdMiddleware
FN:22,requestIdHeader
FNF:2
FNH:2
FNDA:16,requestIdMiddleware
FNDA:16,requestIdHeader
DA:12,2
DA:17,16
DA:18,16
DA:19,16
DA:22,2
DA:27,16
DA:28,16
LF:7
LH:7
BRDA:17,0,0,16
BRDA:17,0,1,16
BRF:2
BRH:2
end_of_record
TN:
SF:src\middleware\validate.ts
FN:2,(anonymous_0)
FN:3,(anonymous_1)
FN:4,(anonymous_2)
FN:5,(anonymous_3)
FNF:4
FNH:2
FNDA:0,(anonymous_0)
FNDA:20,(anonymous_1)
FNDA:0,(anonymous_2)
FNDA:22,(anonymous_3)
DA:1,2
DA:2,2
DA:3,22
DA:4,2
DA:5,24
LF:5
LH:5
BRF:0
BRH:0
end_of_record
TN:
SF:src\routes\alerts.ts
FN:18,(anonymous_0)
FN:52,(anonymous_1)
FN:71,(anonymous_2)
FNF:3
FNH:0
FNDA:0,(anonymous_0)
FNDA:0,(anonymous_1)
FNDA:0,(anonymous_2)
DA:1,2
DA:2,2
DA:3,2
DA:4,2
DA:5,2
DA:6,2
DA:8,2
DA:10,2
DA:12,2
DA:18,2
DA:19,0
DA:20,0
DA:21,0
DA:22,0
DA:23,0
DA:24,0
DA:26,0
DA:29,0
DA:30,0
DA:31,0
DA:33,0
DA:46,0
DA:48,0
DA:52,2
DA:53,0
DA:54,0
DA:58,0
DA:60,0
DA:65,0
DA:67,0
DA:71,2
DA:72,0
DA:73,0
DA:87,0
DA:91,0
DA:95,2
LF:36
LH:13
BRDA:20,0,0,0
BRDA:20,0,1,0
BRDA:21,1,0,0
BRDA:21,1,1,0
BRDA:29,2,0,0
BRDA:29,2,1,0
BRDA:30,3,0,0
BRDA:30,3,1,0
BRDA:31,4,0,0
BRDA:31,4,1,0
BRDA:58,5,0,0
BRDA:58,5,1,0
BRF:12
BRH:0
end_of_record
TN:
SF:src\routes\auth.ts
FN:37,(anonymous_1)
FN:102,(anonymous_2)
FN:155,(anonymous_3)
FN:205,(anonymous_4)
FN:224,(anonymous_5)
FNF:5
FNH:0
FNDA:0,(anonymous_1)
FNDA:0,(anonymous_2)
FNDA:0,(anonymous_3)
FNDA:0,(anonymous_4)
FNDA:0,(anonymous_5)
DA:1,2
DA:2,2
DA:3,2
DA:4,2
DA:5,2
DA:6,2
DA:7,2
DA:8,2
DA:9,2
DA:11,2
DA:12,2
DA:14,2
DA:24,2
DA:31,2
DA:37,2
DA:38,0
DA:39,0
DA:41,0
DA:42,0
DA:43,0
DA:46,0
DA:47,0
DA:48,0
DA:49,0
DA:53,0
DA:55,0
DA:73,0
DA:81,0
DA:82,0
DA:84,0
DA:92,0
DA:98,0
DA:102,2
DA:103,0
DA:104,0
DA:106,0
DA:107,0
DA:108,0
DA:111,0
DA:112,0
DA:115,0
DA:116,0
DA:117,0
DA:120,0
DA:128,0
DA:129,0
DA:131,0
DA:139,0
DA:151,0
DA:155,2
DA:156,0
DA:157,0
DA:159,0
DA:163,0
DA:164,0
DA:167,0
DA:168,0
DA:169,0
DA:172,0
DA:177,0
DA:185,0
DA:186,0
DA:188,0
DA:196,0
DA:201,0
DA:205,2
DA:206,0
DA:207,0
DA:208,0
DA:210,0
DA:211,0
DA:212,0
DA:218,0
DA:220,0
DA:224,2
DA:225,0
DA:226,0
DA:241,0
DA:242,0
DA:245,0
DA:247,0
DA:251,2
LF:82
LH:20
BRDA:42,0,0,0
BRDA:42,0,1,0
BRDA:46,1,0,0
BRDA:46,1,1,0
BRDA:48,2,0,0
BRDA:48,2,1,0
BRDA:107,3,0,0
BRDA:107,3,1,0
BRDA:111,4,0,0
BRDA:111,4,1,0
BRDA:116,5,0,0
BRDA:116,5,1,0
BRDA:163,6,0,0
BRDA:163,6,1,0
BRDA:163,7,0,0
BRDA:163,7,1,0
BRDA:163,7,2,0
BRDA:168,8,0,0
BRDA:168,8,1,0
BRDA:210,9,0,0
BRDA:210,9,1,0
BRDA:241,10,0,0
BRDA:241,10,1,0
BRF:23
BRH:0
end_of_record
TN:
SF:src\routes\devices.ts
FN:35,(anonymous_0)
FN:47,(anonymous_1)
FN:59,(anonymous_2)
FN:80,(anonymous_3)
FN:98,(anonymous_4)
FNF:5
FNH:0
FNDA:0,(anonymous_0)
FNDA:0,(anonymous_1)
FNDA:0,(anonymous_2)
FNDA:0,(anonymous_3)
FNDA:0,(anonymous_4)
DA:1,2
DA:2,2
DA:3,2
DA:4,2
DA:5,2
DA:6,2
DA:8,2
DA:10,2
DA:12,2
DA:21,2
DA:29,2
DA:35,2
DA:36,0
DA:37,0
DA:41,0
DA:43,0
DA:47,2
DA:48,0
DA:49,0
DA:52,0
DA:53,0
DA:55,0
DA:59,2
DA:60,0
DA:61,0
DA:64,0
DA:65,0
DA:70,0
DA:74,0
DA:76,0
DA:80,2
DA:81,0
DA:82,0
DA:85,0
DA:87,0
DA:92,0
DA:94,0
DA:98,2
DA:99,0
DA:100,0
DA:103,0
DA:105,0
DA:106,0
DA:108,0
DA:112,2
LF:45
LH:17
BRDA:52,0,0,0
BRDA:52,0,1,0
BRDA:64,1,0,0
BRDA:64,1,1,0
BRDA:85,2,0,0
BRDA:85,2,1,0
BRDA:103,3,0,0
BRDA:103,3,1,0
BRF:8
BRH:0
end_of_record
TN:
SF:src\routes\health.ts
FN:7,(anonymous_0)
FN:15,(anonymous_1)
FN:31,(anonymous_2)
FNF:3
FNH:1
FNDA:3,(anonymous_0)
FNDA:0,(anonymous_1)
FNDA:0,(anonymous_2)
DA:1,2
DA:2,2
DA:3,2
DA:5,2
DA:7,2
DA:8,3
DA:15,2
DA:16,0
DA:17,0
DA:18,0
DA:19,0
DA:21,0
DA:31,2
DA:32,0
DA:35,2
LF:15
LH:9
BRF:0
BRH:0
end_of_record
TN:
SF:src\routes\index.ts
FN:1,(anonymous_1)
FN:2,(anonymous_2)
FN:3,(anonymous_3)
FN:4,(anonymous_4)
FN:5,(anonymous_5)
FN:6,(anonymous_6)
FN:7,(anonymous_7)
FNF:7
FNH:0
FNDA:0,(anonymous_1)
FNDA:0,(anonymous_2)
FNDA:0,(anonymous_3)
FNDA:0,(anonymous_4)
FNDA:0,(anonymous_5)
FNDA:0,(anonymous_6)
FNDA:0,(anonymous_7)
DA:1,0
DA:2,0
DA:3,0
DA:4,0
DA:5,0
DA:6,0
DA:7,0
LF:7
LH:0
BRF:0
BRH:0
end_of_record
TN:
SF:src\routes\rides.ts
FN:33,(anonymous_0)
FN:59,(anonymous_1)
FN:77,(anonymous_2)
FN:105,(anonymous_3)
FN:156,(anonymous_4)
FN:175,(anonymous_5)
FNF:6
FNH:6
FNDA:2,(anonymous_0)
FNDA:2,(anonymous_1)
FNDA:2,(anonymous_2)
FNDA:2,(anonymous_3)
FNDA:1,(anonymous_4)
FNDA:2,(anonymous_5)
DA:1,2
DA:2,2
DA:3,2
DA:4,2
DA:5,2
DA:6,2
DA:8,2
DA:10,2
DA:12,2
DA:20,2
DA:29,2
DA:33,2
DA:34,2
DA:35,2
DA:36,2
DA:37,2
DA:39,2
DA:40,2
DA:42,2
DA:53,2
DA:55,0
DA:59,2
DA:60,2
DA:61,2
DA:69,2
DA:71,1
DA:73,1
DA:77,2
DA:78,2
DA:79,2
DA:81,2
DA:85,2
DA:86,1
DA:89,1
DA:99,1
DA:101,0
DA:105,2
DA:106,2
DA:107,2
DA:111,2
DA:113,1
DA:114,1
DA:115,1
DA:117,1
DA:119,1
DA:123,1
DA:127,1
DA:131,1
DA:132,1
DA:133,1
DA:134,1
DA:135,1
DA:137,1
DA:150,1
DA:152,1
DA:156,2
DA:157,1
DA:158,1
DA:162,1
DA:164,1
DA:169,1
DA:171,0
DA:175,2
DA:176,2
DA:177,2
DA:182,2
DA:184,2
DA:186,0
DA:190,2
LF:69
LH:65
BRDA:35,0,0,2
BRDA:35,0,1,2
BRDA:36,1,0,2
BRDA:36,1,1,2
BRDA:40,2,0,0
BRDA:40,2,1,2
BRDA:69,3,0,1
BRDA:69,3,1,1
BRDA:85,4,0,1
BRDA:85,4,1,1
BRDA:111,5,0,1
BRDA:111,5,1,1
BRDA:117,6,0,1
BRDA:117,6,1,1
BRDA:162,7,0,0
BRDA:162,7,1,1
BRDA:182,8,0,0
BRDA:182,8,1,2
BRDA:184,9,0,2
BRDA:184,9,1,1
BRF:20
BRH:17
end_of_record
TN:
SF:src\routes\users.ts
FN:21,(anonymous_0)
FN:49,(anonymous_1)
FNF:2
FNH:0
FNDA:0,(anonymous_0)
FNDA:0,(anonymous_1)
DA:1,2
DA:2,2
DA:3,2
DA:4,2
DA:5,2
DA:6,2
DA:8,2
DA:10,2
DA:12,2
DA:21,2
DA:22,0
DA:23,0
DA:39,0
DA:40,0
DA:43,0
DA:45,0
DA:49,2
DA:50,0
DA:51,0
DA:68,0
DA:70,0
DA:74,2
LF:22
LH:12
BRDA:39,0,0,0
BRDA:39,0,1,0
BRF:2
BRH:0
end_of_record
TN:
SF:src\routes\vehicles.ts
FN:44,(anonymous_0)
FN:56,(anonymous_1)
FN:72,(anonymous_2)
FN:87,(anonymous_3)
FN:108,(anonymous_4)
FNF:5
FNH:0
FNDA:0,(anonymous_0)
FNDA:0,(anonymous_1)
FNDA:0,(anonymous_2)
FNDA:0,(anonymous_3)
FNDA:0,(anonymous_4)
DA:1,2
DA:2,2
DA:3,2
DA:4,2
DA:5,2
DA:6,2
DA:8,2
DA:10,2
DA:12,2
DA:23,2
DA:38,2
DA:44,2
DA:45,0
DA:46,0
DA:50,0
DA:52,0
DA:56,2
DA:57,0
DA:58,0
DA:62,0
DA:63,0
DA:66,0
DA:68,0
DA:72,2
DA:73,0
DA:74,0
DA:81,0
DA:83,0
DA:87,2
DA:88,0
DA:89,0
DA:93,0
DA:94,0
DA:97,0
DA:102,0
DA:104,0
DA:108,2
DA:109,0
DA:110,0
DA:114,0
DA:115,0
DA:118,0
DA:120,0
DA:122,0
DA:126,2
LF:45
LH:17
BRDA:62,0,0,0
BRDA:62,0,1,0
BRDA:93,1,0,0
BRDA:93,1,1,0
BRDA:114,2,0,0
BRDA:114,2,1,0
BRF:6
BRH:0
end_of_record
TN:
SF:src\services\alert.service.ts
FN:4,getAlerts
FN:33,acknowledgeAlert
FN:45,createAlert
FN:63,getAlertStats
FNF:4
FNH:0
FNDA:0,getAlerts
FNDA:0,acknowledgeAlert
FNDA:0,createAlert
FNDA:0,getAlertStats
DA:1,0
DA:2,0
DA:4,0
DA:11,0
DA:12,0
DA:13,0
DA:15,0
DA:16,0
DA:17,0
DA:19,0
DA:30,0
DA:33,0
DA:34,0
DA:37,0
DA:39,0
DA:45,0
DA:52,0
DA:63,0
DA:64,0
DA:78,0
LF:20
LH:0
BRDA:11,0,0,0
BRDA:11,0,1,0
BRDA:12,1,0,0
BRDA:12,1,1,0
BRDA:15,2,0,0
BRDA:15,2,1,0
BRDA:16,3,0,0
BRDA:16,3,1,0
BRDA:17,4,0,0
BRDA:17,4,1,0
BRDA:37,5,0,0
BRDA:37,5,1,0
BRDA:58,6,0,0
BRDA:58,6,1,0
BRF:14
BRH:0
end_of_record
TN:
SF:src\services\auth.service.ts
FN:9,registerUser
FN:35,loginUser
FN:49,refreshTokens
FN:64,generateTokens
FN:87,logoutUser
FNF:5
FNH:0
FNDA:0,registerUser
FNDA:0,loginUser
FNDA:0,refreshTokens
FNDA:0,generateTokens
FNDA:0,logoutUser
DA:1,0
DA:2,0
DA:3,0
DA:4,0
DA:5,0
DA:7,0
DA:9,0
DA:16,0
DA:17,0
DA:19,0
DA:20,0
DA:21,0
DA:24,0
DA:26,0
DA:31,0
DA:32,0
DA:35,0
DA:36,0
DA:37,0
DA:39,0
DA:40,0
DA:42,0
DA:43,0
DA:49,0
DA:50,0
DA:51,0
DA:52,0
DA:55,0
DA:57,0
DA:58,0
DA:60,0
DA:61,0
DA:65,0
DA:73,0
DA:74,0
DA:76,0
DA:84,0
DA:87,0
DA:88,0
DA:89,0
DA:91,0
LF:41
LH:0
BRDA:17,0,0,0
BRDA:17,0,1,0
BRDA:19,1,0,0
BRDA:19,1,1,0
BRDA:21,2,0,0
BRDA:21,2,1,0
BRDA:37,3,0,0
BRDA:37,3,1,0
BRDA:37,4,0,0
BRDA:37,4,1,0
BRDA:40,5,0,0
BRDA:40,5,1,0
BRDA:51,6,0,0
BRDA:51,6,1,0
BRDA:51,7,0,0
BRDA:51,7,1,0
BRDA:51,7,2,0
BRDA:58,8,0,0
BRDA:58,8,1,0
BRDA:88,9,0,0
BRDA:88,9,1,0
BRF:21
BRH:0
end_of_record
TN:
SF:src\services\device.service.ts
FN:4,getUserDevices
FN:11,getDeviceById
FN:19,registerDevice
FN:33,updateDevice
FN:49,removeDevice
FN:58,updateDeviceStatus
FNF:6
FNH:0
FNDA:0,getUserDevices
FNDA:0,getDeviceById
FNDA:0,registerDevice
FNDA:0,updateDevice
FNDA:0,removeDevice
FNDA:0,updateDeviceStatus
DA:1,0
DA:2,0
DA:4,0
DA:5,0
DA:11,0
DA:12,0
DA:15,0
DA:16,0
DA:19,0
DA:25,0
DA:26,0
DA:28,0
DA:33,0
DA:38,0
DA:41,0
DA:43,0
DA:49,0
DA:50,0
DA:53,0
DA:55,0
DA:58,0
DA:63,0
LF:22
LH:0
BRDA:15,0,0,0
BRDA:15,0,1,0
BRDA:26,1,0,0
BRDA:26,1,1,0
BRDA:41,2,0,0
BRDA:41,2,1,0
BRDA:53,3,0,0
BRDA:53,3,1,0
BRF:8
BRH:0
end_of_record
TN:
SF:src\services\index.ts
FNF:0
FNH:0
DA:1,0
DA:2,0
DA:3,0
DA:4,0
DA:5,0
DA:6,0
LF:6
LH:0
BRF:0
BRH:0
end_of_record
TN:
SF:src\services\mqtt.service.ts
FN:24,setupMqttListeners
FN:31,(anonymous_1)
FN:49,extractDeviceId
FN:54,handleDeviceEvent
FN:90,handleDeviceTelemetry
FN:101,sendDeviceCommand
FNF:6
FNH:0
FNDA:0,setupMqttListeners
FNDA:0,(anonymous_1)
FNDA:0,extractDeviceId
FNDA:0,handleDeviceEvent
FNDA:0,handleDeviceTelemetry
FNDA:0,sendDeviceCommand
DA:1,0
DA:2,0
DA:3,0
DA:5,0
DA:6,0
DA:24,0
DA:25,0
DA:26,0
DA:27,0
DA:28,0
DA:31,0
DA:32,0
DA:33,0
DA:35,0
DA:36,0
DA:38,0
DA:39,0
DA:40,0
DA:41,0
DA:44,0
DA:50,0
DA:51,0
DA:55,0
DA:56,0
DA:57,0
DA:58,0
DA:61,0
DA:65,0
DA:67,0
DA:78,0
DA:79,0
DA:80,0
DA:91,0
DA:101,0
DA:102,0
LF:35
LH:0
BRDA:26,0,0,0
BRDA:26,0,1,0
BRDA:36,1,0,0
BRDA:36,1,1,0
BRDA:38,2,0,0
BRDA:38,2,1,0
BRDA:40,3,0,0
BRDA:40,3,1,0
BRDA:51,4,0,0
BRDA:51,4,1,0
BRDA:56,5,0,0
BRDA:56,5,1,0
BRDA:65,6,0,0
BRDA:65,6,1,0
BRDA:79,7,0,0
BRDA:79,7,1,0
BRF:16
BRH:0
end_of_record
TN:
SF:src\services\queue.service.ts
FN:10,addNotificationJob
FN:23,addAnalyticsJob
FN:30,addWebhookJob
FN:37,setupWorkers
FN:38,(anonymous_4)
FN:43,(anonymous_5)
FN:48,(anonymous_6)
FNF:7
FNH:0
FNDA:0,addNotificationJob
FNDA:0,addAnalyticsJob
FNDA:0,addWebhookJob
FNDA:0,setupWorkers
FNDA:0,(anonymous_4)
FNDA:0,(anonymous_5)
FNDA:0,(anonymous_6)
DA:1,0
DA:2,0
DA:4,0
DA:6,0
DA:7,0
DA:8,0
DA:10,0
DA:17,0
DA:23,0
DA:24,0
DA:30,0
DA:31,0
DA:37,0
DA:38,0
DA:39,0
DA:40,0
DA:43,0
DA:44,0
DA:45,0
DA:48,0
DA:49,0
DA:50,0
LF:22
LH:0
BRF:0
BRH:0
end_of_record
TN:
SF:src\services\ride.service.ts
FN:4,getRides
FN:25,getRideById
FN:34,startRide
FN:45,endRide
FN:71,cancelRide
FN:81,calculateRideScore
FN:95,getRideScore
FNF:7
FNH:7
FNDA:3,getRides
FNDA:2,getRideById
FNDA:2,startRide
FNDA:3,endRide
FNDA:2,cancelRide
FNDA:2,calculateRideScore
FNDA:2,getRideScore
DA:1,1
DA:2,1
DA:4,1
DA:5,3
DA:6,3
DA:7,3
DA:9,3
DA:11,3
DA:22,3
DA:25,1
DA:26,2
DA:30,2
DA:31,1
DA:34,1
DA:35,2
DA:36,2
DA:37,1
DA:40,1
DA:45,1
DA:50,3
DA:51,3
DA:53,2
DA:54,2
DA:55,2
DA:57,2
DA:71,1
DA:72,2
DA:73,2
DA:75,1
DA:82,2
DA:88,2
DA:89,2
DA:90,2
DA:91,2
DA:92,2
DA:95,1
DA:96,2
DA:100,2
DA:101,1
LF:39
LH:39
BRDA:5,0,0,3
BRDA:5,0,1,1
BRDA:6,1,0,3
BRDA:6,1,1,1
BRDA:9,2,0,1
BRDA:9,2,1,2
BRDA:30,3,0,1
BRDA:30,3,1,1
BRDA:36,4,0,1
BRDA:36,4,1,1
BRDA:51,5,0,1
BRDA:51,5,1,2
BRDA:63,6,0,2
BRDA:63,6,1,2
BRDA:73,7,0,1
BRDA:73,7,1,1
BRDA:100,8,0,1
BRDA:100,8,1,1
BRF:18
BRH:18
end_of_record
TN:
SF:src\utils\errors.ts
FN:2,(anonymous_0)
FN:15,(anonymous_1)
FN:22,(anonymous_2)
FN:33,(anonymous_3)
FN:40,(anonymous_4)
FN:47,(anonymous_5)
FN:54,(anonymous_6)
FN:60,isAppError
FNF:8
FNH:8
FNDA:36,(anonymous_0)
FNDA:8,(anonymous_1)
FNDA:10,(anonymous_2)
FNDA:11,(anonymous_3)
FNDA:1,(anonymous_4)
FNDA:1,(anonymous_5)
FNDA:1,(anonymous_6)
FNDA:17,isAppError
DA:1,8
DA:3,36
DA:4,36
DA:5,36
DA:6,36
DA:8,36
DA:9,36
DA:10,36
DA:14,8
DA:16,8
DA:17,8
DA:21,8
DA:23,10
DA:28,10
DA:32,8
DA:34,11
DA:35,11
DA:39,8
DA:41,1
DA:42,1
DA:46,8
DA:48,1
DA:49,1
DA:53,8
DA:55,1
DA:56,1
DA:60,8
DA:61,17
LF:28
LH:28
BRDA:4,0,0,2
BRDA:5,1,0,2
BRDA:24,2,0,1
BRDA:24,2,1,9
BRDA:33,3,0,1
BRDA:40,4,0,1
BRDA:54,5,0,1
BRF:7
BRH:7
end_of_record
TN:
SF:src\utils\index.ts
FNF:0
FNH:0
DA:1,0
DA:2,0
DA:3,0
LF:3
LH:0
BRF:0
BRH:0
end_of_record
TN:
SF:src\utils\jwt.ts
FN:16,signAccessToken
FN:28,signRefreshToken
FN:40,verifyToken
FN:49,decodeToken
FN:58,getTokenFromHeader
FNF:5
FNH:5
FNDA:8,signAccessToken
FNDA:2,signRefreshToken
FNDA:22,verifyToken
FNDA:2,decodeToken
FNDA:22,getTokenFromHeader
DA:1,4
DA:2,4
DA:3,4
DA:5,4
DA:7,4
DA:16,4
DA:21,8
DA:28,4
DA:33,2
DA:40,4
DA:41,22
DA:42,22
DA:43,18
DA:45,4
DA:49,4
DA:50,2
DA:51,2
DA:52,1
DA:54,1
DA:58,4
DA:59,22
DA:60,18
DA:61,18
LF:23
LH:23
BRDA:59,0,0,4
BRDA:59,0,1,18
BRDA:61,1,0,17
BRDA:61,1,1,1
BRF:4
BRH:4
end_of_record
TN:
SF:src\utils\validation.ts
FN:11,validate
FN:12,(anonymous_1)
FN:35,validateBody
FN:36,(anonymous_3)
FN:55,validateQuery
FN:56,(anonymous_5)
FN:70,validateParams
FN:71,(anonymous_7)
FNF:8
FNH:8
FNDA:1,validate
FNDA:1,(anonymous_1)
FNDA:23,validateBody
FNDA:8,(anonymous_3)
FNDA:1,validateQuery
FNDA:1,(anonymous_5)
FNDA:24,validateParams
FNDA:9,(anonymous_7)
DA:1,3
DA:3,3
DA:11,3
DA:12,1
DA:13,1
DA:14,1
DA:20,1
DA:21,0
DA:22,0
DA:25,1
DA:26,1
DA:27,1
DA:28,1
DA:30,0
DA:35,3
DA:36,23
DA:37,8
DA:38,8
DA:39,8
DA:40,3
DA:41,3
DA:43,5
DA:44,5
DA:45,5
DA:47,3
DA:48,0
DA:50,3
DA:55,3
DA:56,1
DA:57,1
DA:58,1
DA:59,1
DA:61,0
DA:62,0
DA:63,0
DA:65,0
DA:70,3
DA:71,24
DA:72,9
DA:73,9
DA:74,8
DA:76,1
DA:77,1
DA:78,1
DA:80,0
LF:45
LH:36
BRDA:20,0,0,0
BRDA:20,0,1,1
BRDA:25,1,0,1
BRDA:25,1,1,0
BRDA:39,2,0,3
BRDA:39,2,1,5
BRDA:44,3,0,5
BRDA:44,3,1,0
BRDA:47,4,0,0
BRDA:47,4,1,3
BRDA:61,5,0,0
BRDA:61,5,1,0
BRDA:76,6,0,1
BRDA:76,6,1,0
BRF:14
BRH:7
end_of_record
